<?xml version="1.0" encoding="UTF-8"?>
<!-- Generated by org.testng.reporters.JUnitXMLReporter -->
<testsuite ignored="0" hostname="DESKTOP-AQU0I6O" failures="0" tests="6" name="Inwarranty Flow" time="5.276" errors="0" timestamp="2025-12-05T07:55:46 IST">
  <testcase classname="com.api.tests.LoginApiTest" name="loginApiTest" time="2.973"/>
  <testcase classname="com.api.tests.UserDetailsApiTest" name="userDetailsApiTest" time="0.528"/>
  <testcase classname="com.api.tests.CountApiTest" name="countApiTest" time="0.485"/>
  <testcase classname="com.api.tests.CountApiTest" name="countApiTestwithoutHeader" time="0.457"/>
  <testcase classname="com.api.tests.MasterApiTest" name="masterApiTest" time="0.709"/>
  <testcase classname="com.api.tests.MasterApiTest" name="masterApi_InvalidToken_Test" time="0.072"/>
</testsuite> <!-- Inwarranty Flow -->
