<?xml version="1.0" encoding="UTF-8"?>
<!-- Generated by org.testng.reporters.JUnitReportReporter -->
<testsuite hostname="DESKTOP-AQU0I6O" failures="0" tests="2" name="com.api.tests.MasterApiTest" time="0.781" errors="0" timestamp="2025-12-05T07:55:46 IST" skipped="0">
  <testcase classname="com.api.tests.MasterApiTest" name="masterApiTest" time="0.709"/>
  <testcase classname="com.api.tests.MasterApiTest" name="masterApi_InvalidToken_Test" time="0.072"/>
</testsuite> <!-- com.api.tests.MasterApiTest -->
