<?xml version="1.0" encoding="UTF-8"?>
<!-- Generated by org.testng.reporters.JUnitReportReporter -->
<testsuite hostname="DESKTOP-AQU0I6O" failures="0" tests="2" name="com.api.tests.CountApiTest" time="0.942" errors="0" timestamp="2025-12-05T07:55:46 IST" skipped="0">
  <testcase classname="com.api.tests.CountApiTest" name="countApiTest" time="0.485"/>
  <testcase classname="com.api.tests.CountApiTest" name="countApiTestwithoutHeader" time="0.457"/>
</testsuite> <!-- com.api.tests.CountApiTest -->
